Arguments: 
  C:\Program Files\nodejs\node.exe C:\Users\Windows 10 TIMT\.node\corepack\yarn\1.22.15\bin\yarn.js add axios

PATH: 
  C:\WINDOWS\system32;C:\WINDOWS;C:\WINDOWS\System32\Wbem;C:\WINDOWS\System32\WindowsPowerShell\v1.0\;C:\WINDOWS\System32\OpenSSH\;C:\Program Files\Git\cmd;C:\xampp\php;C:\ProgramData\ComposerSetup\bin;C:\Users\Windows 10 TIMT\AppData\Roaming\nvm;C:\Program Files\nodejs;C:\Program Files\nodejs\;C:\Ruby26-x64\bin;C:\Users\Windows 10 TIMT\AppData\Local\Microsoft\WindowsApps;C:\Program Files\Java\jdk1.8.0_201\bin;C:\Users\Windows 10 TIMT\AppData\Local\Programs\Microsoft VS Code\bin;C:\Program Files\PhpStorm 2019.1.1\bin;;C:\Users\Windows 10 TIMT\AppData\Roaming\Composer\vendor\bin;C:\Users\Windows 10 TIMT\AppData\Local\ComposerSetup\bin;C:\Users\Windows 10 TIMT\AppData\Roaming\nvm;C:\Program Files\nodejs;C:\Program Files\Theme Kit;C:\Users\Windows 10 TIMT\AppData\Roaming\npm

Yarn version: 
  1.22.15

Node version: 
  16.13.1

Platform: 
  win32 x64

Trace: 
  Error: EPERM: operation not permitted, unlink 'D:\code example\js-post-ui\node_modules\esbuild-windows-64\esbuild.exe'

npm manifest: 
  {
    "name": "js-post-ui",
    "version": "0.0.0",
    "scripts": {
      "dev": "vite",
      "build": "vite build",
      "preview": "vite preview"
    },
    "devDependencies": {
      "vite": "^2.7.2"
    }
  }

yarn manifest: 
  No manifest

Lockfile: 
  No lockfile
